<?xml version="1.0" encoding="UTF-8" ?>
<testsuite tests="10" failures="0" name="org.example.EnemyTest" time="0.153" errors="0" skipped="0">
  <properties>
[...]
</properties>
  <testcase classname="org.example.EnemyTest" name="testDirectionGeneration" time="0"/>
  <testcase classname="org.example.EnemyTest" name="testDirectionGeneration" time="0"/>
  <testcase classname="org.example.EnemyTest" name="onPlayerCollisionLives" time="0.037"/>
  <testcase classname="org.example.EnemyTest" name="onPlayerCollisionPosition" time="0.115"/>
  <testcase classname="org.example.EnemyTest" name="hitboxExists" time="0"/>
  <testcase classname="org.example.EnemyTest" name="moveUp" time="0"/>
  <testcase classname="org.example.EnemyTest" name="moveDown" time="0"/>
  <testcase classname="org.example.EnemyTest" name="moveRight" time="0"/>
  <testcase classname="org.example.EnemyTest" name="moveLeft" time="0"/>
  <testcase classname="org.example.EnemyTest" name="moveWhenCollision" time="0.001"/>
</testsuite>