<?xml version="1.0" encoding="UTF-8"?>
<testsuite xmlns:xsi="http://www.w3.org/2001/XMLSchema-instance" xsi:noNamespaceSchemaLocation="https://maven.apache.org/surefire/maven-surefire-plugin/xsd/surefire-test-report.xsd" name="org.example.AssetCreatorTest" time="1.22" tests="8" errors="0" skipped="0" failures="0">
  <properties>
[...]
</properties>
  <testcase name="testClearEnemy" classname="org.example.EntityListTest" time="0.03"/>
  <testcase name="testClearObject" classname="org.example.EntityListTest" time="0.001"/>
  <testcase name="checkIfCoordinatePasses" classname="org.example.AssetCreatorTest" time="0.003"/>
  <testcase name="checkIfTileExists" classname="org.example.AssetCreatorTest" time="0.003"/>
  <testcase name="creatingObjects" classname="org.example.AssetCreatorTest" time="0.043"/>
  <testcase name="creatingEnemies" classname="org.example.AssetCreatorTest" time="0.104"/>
  <testcase name="addingApple" classname="org.example.AssetCreatorTest" time="0.004"/>
  <testcase name="createDoor" classname="org.example.AssetCreatorTest" time="0.003"/>
</testsuite>